2025-08-13 17:03:13.370 +02:00 [ERR] An unhandled exception has occurred while executing the request.
MailKit.Security.AuthenticationException: 535: Authentication credentials invalid
 ---> MailKit.Net.Smtp.SmtpCommandException: Authentication credentials invalid
   --- End of inner exception stack trace ---
   at MailKit.Net.Smtp.SmtpClient.AuthenticateAsync(Encoding encoding, ICredentials credentials, Boolean doAsync, CancellationToken cancellationToken)
   at MailKit.Net.Smtp.SmtpClient.Authenticate(Encoding encoding, ICredentials credentials, CancellationToken cancellationToken)
   at MailKit.MailService.Authenticate(Encoding encoding, String userName, String password, CancellationToken cancellationToken)
   at MailKit.MailService.Authenticate(String userName, String password, CancellationToken cancellationToken)
   at EpersBackend.Services.Email.EmailSendService.SendEmail(String recipientEmail, String subject, String body) in /Users/rarespop-moldovan/TopConsultingGit/epers/EpersBackend/EpersBackend/Services/Email/EmailSendService.cs:line 292
   at EpersBackend.Services.Email.EmailSendService.SendEmailObiectiveSetate(String numeEvaluat, String mailAngajat, Int32 idAngajat) in /Users/rarespop-moldovan/TopConsultingGit/epers/EpersBackend/EpersBackend/Services/Email/EmailSendService.cs:line 101
   at EpersBackend.Controllers.Email.EmailObiectiveController.SendEmailObiectiveSetate(Int32 idAngajat) in /Users/rarespop-moldovan/TopConsultingGit/epers/EpersBackend/EpersBackend/Controllers/Email/EmailObiectiveController.cs:line 36
   at lambda_method804(Closure, Object, Object[])
   at Microsoft.AspNetCore.Mvc.Infrastructure.ActionMethodExecutor.SyncActionResultExecutor.Execute(ActionContext actionContext, IActionResultTypeMapper mapper, ObjectMethodExecutor executor, Object controller, Object[] arguments)
   at Microsoft.AspNetCore.Mvc.Infrastructure.ControllerActionInvoker.InvokeActionMethodAsync()
   at Microsoft.AspNetCore.Mvc.Infrastructure.ControllerActionInvoker.Next(State& next, Scope& scope, Object& state, Boolean& isCompleted)
   at Microsoft.AspNetCore.Mvc.Infrastructure.ControllerActionInvoker.InvokeNextActionFilterAsync()
--- End of stack trace from previous location ---
   at Microsoft.AspNetCore.Mvc.Infrastructure.ControllerActionInvoker.Rethrow(ActionExecutedContextSealed context)
   at Microsoft.AspNetCore.Mvc.Infrastructure.ControllerActionInvoker.Next(State& next, Scope& scope, Object& state, Boolean& isCompleted)
   at Microsoft.AspNetCore.Mvc.Infrastructure.ControllerActionInvoker.InvokeInnerFilterAsync()
--- End of stack trace from previous location ---
   at Microsoft.AspNetCore.Mvc.Infrastructure.ResourceInvoker.<InvokeFilterPipelineAsync>g__Awaited|20_0(ResourceInvoker invoker, Task lastTask, State next, Scope scope, Object state, Boolean isCompleted)
   at Microsoft.AspNetCore.Mvc.Infrastructure.ResourceInvoker.<InvokeAsync>g__Awaited|17_0(ResourceInvoker invoker, Task task, IDisposable scope)
   at Microsoft.AspNetCore.Mvc.Infrastructure.ResourceInvoker.<InvokeAsync>g__Awaited|17_0(ResourceInvoker invoker, Task task, IDisposable scope)
   at Program.<>c.<<<Main>$>b__0_4>d.MoveNext() in /Users/rarespop-moldovan/TopConsultingGit/epers/EpersBackend/EpersBackend/Program.cs:line 185
--- End of stack trace from previous location ---
   at Microsoft.AspNetCore.Authorization.AuthorizationMiddleware.Invoke(HttpContext context)
   at Microsoft.AspNetCore.Authentication.AuthenticationMiddleware.Invoke(HttpContext context)
   at Swashbuckle.AspNetCore.SwaggerUI.SwaggerUIMiddleware.Invoke(HttpContext httpContext)
   at Swashbuckle.AspNetCore.Swagger.SwaggerMiddleware.Invoke(HttpContext httpContext, ISwaggerProvider swaggerProvider)
   at Microsoft.AspNetCore.Diagnostics.DeveloperExceptionPageMiddlewareImpl.Invoke(HttpContext context)
